<?xml version="1.0" encoding="UTF-8"?>
<!-- Generated by org.testng.reporters.JUnitXMLReporter -->
<testsuite ignored="0" hostname="AdithyaNaidu" failures="1" tests="2" name="chromeOpenCartTest" time="36.247" errors="0" timestamp="2023-11-02T12:28:20 IST">
  <testcase classname="testcases.TC_003_DDTest" name="test_loginDDT" time="11.49">
    <failure type="java.lang.AssertionError" message="expected [true] but found [false]">
      <![CDATA[java.lang.AssertionError: expected [true] but found [false]
at testcases.TC_003_DDTest.test_loginDDT(TC_003_DDTest.java:38)
at java.base/java.util.ArrayList.forEach(ArrayList.java:1511)
at java.base/java.util.concurrent.FutureTask.run(FutureTask.java:264)
at java.base/java.util.concurrent.ThreadPoolExecutor.runWorker(ThreadPoolExecutor.java:1136)
at java.base/java.util.concurrent.ThreadPoolExecutor$Worker.run(ThreadPoolExecutor.java:635)
at java.base/java.lang.Thread.run(Thread.java:833)
... Removed 21 stack frames]]>
    </failure>
  </testcase> <!-- test_loginDDT -->
  <testcase classname="testcases.TC_003_DDTest" name="test_loginDDT" time="8.576"/>
</testsuite> <!-- chromeOpenCartTest -->
